========== 监控开始时间：2025年 04月 23日 星期三 15:39:33 CST ==========
------ 第 1 次采样：2025年 04月 23日 星期三 15:39:33 CST ------
[CPU]
%Cpu(s): 12.9 us,  6.5 sy,  0.0 ni, 80.6 id,  0.0 wa,  0.0 hi,  0.0 si,  0.0 st
[MySQL TPS]
| Com_delete                                            | 55                                                                                                                                                                                                                                                                                                                                                                                                                                                                  |
| Com_delete_multi                                      | 0                                                                                                                                                                                                                                                                                                                                                                                                                                                                   |
| Com_insert                                            | 35561                                                                                                                                                                                                                                                                                                                                                                                                                                                               |
| Com_insert_select                                     | 0                                                                                                                                                                                                                                                                                                                                                                                                                                                                   |
| Com_update                                            | 124                                                                                                                                                                                                                                                                                                                                                                                                                                                                 |
| Com_update_multi                                      | 0                                                                                                                                                                                                                                                                                                                                                                                                                                                                   |
[Redis QPS]
[TCP Connections]
      1 
     11 ESTABLISHED
      1 Foreign
     19 LISTEN
      1 TIME_WAIT

------ 第 2 次采样：2025年 04月 23日 星期三 15:39:34 CST ------
[CPU]
%Cpu(s):  3.2 us,  9.7 sy,  0.0 ni, 87.1 id,  0.0 wa,  0.0 hi,  0.0 si,  0.0 st
[MySQL TPS]
| Com_delete                                            | 55                                                                                                                                                                                                                                                                                                                                                                                                                                                                  |
| Com_delete_multi                                      | 0                                                                                                                                                                                                                                                                                                                                                                                                                                                                   |
| Com_insert                                            | 35561                                                                                                                                                                                                                                                                                                                                                                                                                                                               |
| Com_insert_select                                     | 0                                                                                                                                                                                                                                                                                                                                                                                                                                                                   |
| Com_update                                            | 124                                                                                                                                                                                                                                                                                                                                                                                                                                                                 |
| Com_update_multi                                      | 0                                                                                                                                                                                                                                                                                                                                                                                                                                                                   |
[Redis QPS]
[TCP Connections]
      1 
     11 ESTABLISHED
      1 Foreign
     19 LISTEN
      2 TIME_WAIT

------ 第 3 次采样：2025年 04月 23日 星期三 15:39:35 CST ------
[CPU]
%Cpu(s):  3.1 us,  6.2 sy,  0.0 ni, 90.6 id,  0.0 wa,  0.0 hi,  0.0 si,  0.0 st
[MySQL TPS]
| Com_delete                                            | 55                                                                                                                                                                                                                                                                                                                                                                                                                                                                  |
| Com_delete_multi                                      | 0                                                                                                                                                                                                                                                                                                                                                                                                                                                                   |
| Com_insert                                            | 35561                                                                                                                                                                                                                                                                                                                                                                                                                                                               |
| Com_insert_select                                     | 0                                                                                                                                                                                                                                                                                                                                                                                                                                                                   |
| Com_update                                            | 124                                                                                                                                                                                                                                                                                                                                                                                                                                                                 |
| Com_update_multi                                      | 0                                                                                                                                                                                                                                                                                                                                                                                                                                                                   |
[Redis QPS]
[TCP Connections]
      1 
     11 ESTABLISHED
      1 Foreign
     19 LISTEN
      3 TIME_WAIT

------ 第 4 次采样：2025年 04月 23日 星期三 15:39:36 CST ------
[CPU]
%Cpu(s):  8.8 us,  5.9 sy,  0.0 ni, 85.3 id,  0.0 wa,  0.0 hi,  0.0 si,  0.0 st
[MySQL TPS]
| Com_delete                                            | 55                                                                                                                                                                                                                                                                                                                                                                                                                                                                  |
| Com_delete_multi                                      | 0                                                                                                                                                                                                                                                                                                                                                                                                                                                                   |
| Com_insert                                            | 35561                                                                                                                                                                                                                                                                                                                                                                                                                                                               |
| Com_insert_select                                     | 0                                                                                                                                                                                                                                                                                                                                                                                                                                                                   |
| Com_update                                            | 124                                                                                                                                                                                                                                                                                                                                                                                                                                                                 |
| Com_update_multi                                      | 0                                                                                                                                                                                                                                                                                                                                                                                                                                                                   |
[Redis QPS]
[TCP Connections]
      1 
     11 ESTABLISHED
      1 Foreign
     19 LISTEN
      4 TIME_WAIT

------ 第 5 次采样：2025年 04月 23日 星期三 15:39:37 CST ------
[CPU]
%Cpu(s):  3.2 us,  3.2 sy,  0.0 ni, 93.5 id,  0.0 wa,  0.0 hi,  0.0 si,  0.0 st
[MySQL TPS]
| Com_delete                                            | 55                                                                                                                                                                                                                                                                                                                                                                                                                                                                  |
| Com_delete_multi                                      | 0                                                                                                                                                                                                                                                                                                                                                                                                                                                                   |
| Com_insert                                            | 35561                                                                                                                                                                                                                                                                                                                                                                                                                                                               |
| Com_insert_select                                     | 0                                                                                                                                                                                                                                                                                                                                                                                                                                                                   |
| Com_update                                            | 124                                                                                                                                                                                                                                                                                                                                                                                                                                                                 |
| Com_update_multi                                      | 0                                                                                                                                                                                                                                                                                                                                                                                                                                                                   |
[Redis QPS]
[TCP Connections]
      1 
     11 ESTABLISHED
      1 Foreign
     19 LISTEN
      5 TIME_WAIT

------ 第 6 次采样：2025年 04月 23日 星期三 15:39:38 CST ------
[CPU]
%Cpu(s): 26.9 us, 34.6 sy,  0.0 ni, 30.8 id,  0.0 wa,  0.0 hi,  7.7 si,  0.0 st
[MySQL TPS]
| Com_delete                                            | 55                                                                                                                                                                                                                                                                                                                                                                                                                                                                  |
| Com_delete_multi                                      | 0                                                                                                                                                                                                                                                                                                                                                                                                                                                                   |
| Com_insert                                            | 36563                                                                                                                                                                                                                                                                                                                                                                                                                                                               |
| Com_insert_select                                     | 0                                                                                                                                                                                                                                                                                                                                                                                                                                                                   |
| Com_update                                            | 124                                                                                                                                                                                                                                                                                                                                                                                                                                                                 |
| Com_update_multi                                      | 0                                                                                                                                                                                                                                                                                                                                                                                                                                                                   |
[Redis QPS]
[TCP Connections]
      1 
    112 CLOSE_WAIT
   1893 ESTABLISHED
     65 FIN_WAIT1
     48 FIN_WAIT2
      1 Foreign
     19 LISTEN
   1201 SYN_SENT
   1864 TIME_WAIT

------ 第 7 次采样：2025年 04月 23日 星期三 15:39:40 CST ------
[CPU]
%Cpu(s): 21.4 us, 35.7 sy,  0.0 ni, 42.9 id,  0.0 wa,  0.0 hi,  0.0 si,  0.0 st
[MySQL TPS]
| Com_delete                                            | 55                                                                                                                                                                                                                                                                                                                                                                                                                                                                  |
| Com_delete_multi                                      | 0                                                                                                                                                                                                                                                                                                                                                                                                                                                                   |
| Com_insert                                            | 37888                                                                                                                                                                                                                                                                                                                                                                                                                                                               |
| Com_insert_select                                     | 0                                                                                                                                                                                                                                                                                                                                                                                                                                                                   |
| Com_update                                            | 124                                                                                                                                                                                                                                                                                                                                                                                                                                                                 |
| Com_update_multi                                      | 0                                                                                                                                                                                                                                                                                                                                                                                                                                                                   |
[Redis QPS]
[TCP Connections]
      1 
     83 CLOSE_WAIT
   2155 ESTABLISHED
     16 FIN_WAIT1
     76 FIN_WAIT2
      1 Foreign
     19 LISTEN
    388 SYN_RECV
   3240 SYN_SENT
   4489 TIME_WAIT

------ 第 8 次采样：2025年 04月 23日 星期三 15:39:41 CST ------
[CPU]
%Cpu(s): 16.1 us, 19.4 sy,  0.0 ni, 54.8 id,  0.0 wa,  0.0 hi,  9.7 si,  0.0 st
[MySQL TPS]
| Com_delete                                            | 55                                                                                                                                                                                                                                                                                                                                                                                                                                                                  |
| Com_delete_multi                                      | 0                                                                                                                                                                                                                                                                                                                                                                                                                                                                   |
| Com_insert                                            | 39217                                                                                                                                                                                                                                                                                                                                                                                                                                                               |
| Com_insert_select                                     | 0                                                                                                                                                                                                                                                                                                                                                                                                                                                                   |
| Com_update                                            | 124                                                                                                                                                                                                                                                                                                                                                                                                                                                                 |
| Com_update_multi                                      | 0                                                                                                                                                                                                                                                                                                                                                                                                                                                                   |
[Redis QPS]
[TCP Connections]
      1 
    172 CLOSE_WAIT
   2940 ESTABLISHED
     59 FIN_WAIT1
    113 FIN_WAIT2
      1 Foreign
     19 LISTEN
    343 SYN_RECV
   4855 SYN_SENT
   5805 TIME_WAIT

------ 第 9 次采样：2025年 04月 23日 星期三 15:39:42 CST ------
[CPU]
%Cpu(s): 38.2 us, 26.5 sy,  0.0 ni, 20.6 id,  2.9 wa,  0.0 hi, 11.8 si,  0.0 st
[MySQL TPS]
| Com_delete                                            | 55                                                                                                                                                                                                                                                                                                                                                                                                                                                                  |
| Com_delete_multi                                      | 0                                                                                                                                                                                                                                                                                                                                                                                                                                                                   |
| Com_insert                                            | 40520                                                                                                                                                                                                                                                                                                                                                                                                                                                               |
| Com_insert_select                                     | 0                                                                                                                                                                                                                                                                                                                                                                                                                                                                   |
| Com_update                                            | 124                                                                                                                                                                                                                                                                                                                                                                                                                                                                 |
| Com_update_multi                                      | 0                                                                                                                                                                                                                                                                                                                                                                                                                                                                   |
[Redis QPS]
[TCP Connections]
      1 
    371 CLOSE_WAIT
   1977 ESTABLISHED
     65 FIN_WAIT1
    318 FIN_WAIT2
      1 Foreign
     19 LISTEN
    109 SYN_RECV
   3954 SYN_SENT
   8004 TIME_WAIT

------ 第 10 次采样：2025年 04月 23日 星期三 15:39:44 CST ------
[CPU]
%Cpu(s): 48.5 us, 24.2 sy,  0.0 ni, 21.2 id,  0.0 wa,  0.0 hi,  6.1 si,  0.0 st
[MySQL TPS]
| Com_delete                                            | 55                                                                                                                                                                                                                                                                                                                                                                                                                                                                  |
| Com_delete_multi                                      | 0                                                                                                                                                                                                                                                                                                                                                                                                                                                                   |
| Com_insert                                            | 41959                                                                                                                                                                                                                                                                                                                                                                                                                                                               |
| Com_insert_select                                     | 0                                                                                                                                                                                                                                                                                                                                                                                                                                                                   |
| Com_update                                            | 124                                                                                                                                                                                                                                                                                                                                                                                                                                                                 |
| Com_update_multi                                      | 0                                                                                                                                                                                                                                                                                                                                                                                                                                                                   |
[Redis QPS]
[TCP Connections]
      1 
   1348 ESTABLISHED
      1 Foreign
     19 LISTEN
    265 SYN_RECV
   2825 SYN_SENT
  10986 TIME_WAIT

------ 第 11 次采样：2025年 04月 23日 星期三 15:39:45 CST ------
[CPU]
%Cpu(s):  0.0 us,  3.2 sy,  0.0 ni, 96.8 id,  0.0 wa,  0.0 hi,  0.0 si,  0.0 st
[MySQL TPS]
| Com_delete                                            | 55                                                                                                                                                                                                                                                                                                                                                                                                                                                                  |
| Com_delete_multi                                      | 0                                                                                                                                                                                                                                                                                                                                                                                                                                                                   |
| Com_insert                                            | 42579                                                                                                                                                                                                                                                                                                                                                                                                                                                               |
| Com_insert_select                                     | 0                                                                                                                                                                                                                                                                                                                                                                                                                                                                   |
| Com_update                                            | 124                                                                                                                                                                                                                                                                                                                                                                                                                                                                 |
| Com_update_multi                                      | 0                                                                                                                                                                                                                                                                                                                                                                                                                                                                   |
[Redis QPS]
[TCP Connections]
      1 
   1119 ESTABLISHED
      1 Foreign
     19 LISTEN
   2717 SYN_SENT
  12227 TIME_WAIT

------ 第 12 次采样：2025年 04月 23日 星期三 15:39:46 CST ------
[CPU]
%Cpu(s): 27.3 us, 21.2 sy,  0.0 ni, 45.5 id,  3.0 wa,  0.0 hi,  3.0 si,  0.0 st
[MySQL TPS]
| Com_delete                                            | 55                                                                                                                                                                                                                                                                                                                                                                                                                                                                  |
| Com_delete_multi                                      | 0                                                                                                                                                                                                                                                                                                                                                                                                                                                                   |
| Com_insert                                            | 43079                                                                                                                                                                                                                                                                                                                                                                                                                                                               |
| Com_insert_select                                     | 0                                                                                                                                                                                                                                                                                                                                                                                                                                                                   |
| Com_update                                            | 124                                                                                                                                                                                                                                                                                                                                                                                                                                                                 |
| Com_update_multi                                      | 0                                                                                                                                                                                                                                                                                                                                                                                                                                                                   |
[Redis QPS]
[TCP Connections]
      1 
   1361 ESTABLISHED
      1 Foreign
     19 LISTEN
   2096 SYN_SENT
  13228 TIME_WAIT

------ 第 13 次采样：2025年 04月 23日 星期三 15:39:48 CST ------
[CPU]
%Cpu(s): 44.8 us, 17.2 sy,  0.0 ni, 24.1 id,  3.4 wa,  0.0 hi, 10.3 si,  0.0 st
[MySQL TPS]
| Com_delete                                            | 55                                                                                                                                                                                                                                                                                                                                                                                                                                                                  |
| Com_delete_multi                                      | 0                                                                                                                                                                                                                                                                                                                                                                                                                                                                   |
| Com_insert                                            | 43779                                                                                                                                                                                                                                                                                                                                                                                                                                                               |
| Com_insert_select                                     | 0                                                                                                                                                                                                                                                                                                                                                                                                                                                                   |
| Com_update                                            | 124                                                                                                                                                                                                                                                                                                                                                                                                                                                                 |
| Com_update_multi                                      | 0                                                                                                                                                                                                                                                                                                                                                                                                                                                                   |
[Redis QPS]
[TCP Connections]
      1 
     97 CLOSE_WAIT
   1986 ESTABLISHED
     39 FIN_WAIT1
     71 FIN_WAIT2
      1 Foreign
     19 LISTEN
    943 SYN_SENT
  14869 TIME_WAIT

------ 第 14 次采样：2025年 04月 23日 星期三 15:39:49 CST ------
[CPU]
%Cpu(s): 16.1 us, 12.9 sy,  0.0 ni, 71.0 id,  0.0 wa,  0.0 hi,  0.0 si,  0.0 st
[MySQL TPS]
| Com_delete                                            | 55                                                                                                                                                                                                                                                                                                                                                                                                                                                                  |
| Com_delete_multi                                      | 0                                                                                                                                                                                                                                                                                                                                                                                                                                                                   |
| Com_insert                                            | 44570                                                                                                                                                                                                                                                                                                                                                                                                                                                               |
| Com_insert_select                                     | 0                                                                                                                                                                                                                                                                                                                                                                                                                                                                   |
| Com_update                                            | 124                                                                                                                                                                                                                                                                                                                                                                                                                                                                 |
| Com_update_multi                                      | 0                                                                                                                                                                                                                                                                                                                                                                                                                                                                   |
[Redis QPS]
[TCP Connections]
      1 
   2357 ESTABLISHED
      1 Foreign
     19 LISTEN
     27 SYN_RECV
  16073 TIME_WAIT

------ 第 15 次采样：2025年 04月 23日 星期三 15:39:50 CST ------
[CPU]
%Cpu(s): 30.0 us,  6.7 sy,  0.0 ni, 63.3 id,  0.0 wa,  0.0 hi,  0.0 si,  0.0 st
[MySQL TPS]
| Com_delete                                            | 55                                                                                                                                                                                                                                                                                                                                                                                                                                                                  |
| Com_delete_multi                                      | 0                                                                                                                                                                                                                                                                                                                                                                                                                                                                   |
| Com_insert                                            | 45561                                                                                                                                                                                                                                                                                                                                                                                                                                                               |
| Com_insert_select                                     | 0                                                                                                                                                                                                                                                                                                                                                                                                                                                                   |
| Com_update                                            | 124                                                                                                                                                                                                                                                                                                                                                                                                                                                                 |
| Com_update_multi                                      | 0                                                                                                                                                                                                                                                                                                                                                                                                                                                                   |
[Redis QPS]
[TCP Connections]
      1 
     59 ESTABLISHED
      1 Foreign
     19 LISTEN
  16384 TIME_WAIT

------ 第 16 次采样：2025年 04月 23日 星期三 15:39:52 CST ------
[CPU]
%Cpu(s):  3.2 us,  3.2 sy,  0.0 ni, 93.5 id,  0.0 wa,  0.0 hi,  0.0 si,  0.0 st
[MySQL TPS]
| Com_delete                                            | 55                                                                                                                                                                                                                                                                                                                                                                                                                                                                  |
| Com_delete_multi                                      | 0                                                                                                                                                                                                                                                                                                                                                                                                                                                                   |
| Com_insert                                            | 45561                                                                                                                                                                                                                                                                                                                                                                                                                                                               |
| Com_insert_select                                     | 0                                                                                                                                                                                                                                                                                                                                                                                                                                                                   |
| Com_update                                            | 124                                                                                                                                                                                                                                                                                                                                                                                                                                                                 |
| Com_update_multi                                      | 0                                                                                                                                                                                                                                                                                                                                                                                                                                                                   |
[Redis QPS]
[TCP Connections]
      1 
     59 ESTABLISHED
      1 Foreign
     19 LISTEN
  16384 TIME_WAIT

------ 第 17 次采样：2025年 04月 23日 星期三 15:39:53 CST ------
[CPU]
%Cpu(s): 27.3 us,  9.1 sy,  0.0 ni, 63.6 id,  0.0 wa,  0.0 hi,  0.0 si,  0.0 st
[MySQL TPS]
| Com_delete                                            | 55                                                                                                                                                                                                                                                                                                                                                                                                                                                                  |
| Com_delete_multi                                      | 0                                                                                                                                                                                                                                                                                                                                                                                                                                                                   |
| Com_insert                                            | 45561                                                                                                                                                                                                                                                                                                                                                                                                                                                               |
| Com_insert_select                                     | 0                                                                                                                                                                                                                                                                                                                                                                                                                                                                   |
| Com_update                                            | 124                                                                                                                                                                                                                                                                                                                                                                                                                                                                 |
| Com_update_multi                                      | 0                                                                                                                                                                                                                                                                                                                                                                                                                                                                   |
[Redis QPS]
[TCP Connections]
      1 
     59 ESTABLISHED
      1 Foreign
     19 LISTEN
  16384 TIME_WAIT

------ 第 18 次采样：2025年 04月 23日 星期三 15:39:54 CST ------
[CPU]
%Cpu(s):  0.0 us,  3.2 sy,  0.0 ni, 96.8 id,  0.0 wa,  0.0 hi,  0.0 si,  0.0 st
[MySQL TPS]
| Com_delete                                            | 55                                                                                                                                                                                                                                                                                                                                                                                                                                                                  |
| Com_delete_multi                                      | 0                                                                                                                                                                                                                                                                                                                                                                                                                                                                   |
| Com_insert                                            | 45561                                                                                                                                                                                                                                                                                                                                                                                                                                                               |
| Com_insert_select                                     | 0                                                                                                                                                                                                                                                                                                                                                                                                                                                                   |
| Com_update                                            | 124                                                                                                                                                                                                                                                                                                                                                                                                                                                                 |
| Com_update_multi                                      | 0                                                                                                                                                                                                                                                                                                                                                                                                                                                                   |
[Redis QPS]
[TCP Connections]
      1 
     59 ESTABLISHED
      1 Foreign
     19 LISTEN
  16384 TIME_WAIT

------ 第 19 次采样：2025年 04月 23日 星期三 15:39:55 CST ------
[CPU]
%Cpu(s):  0.0 us,  9.4 sy,  0.0 ni, 90.6 id,  0.0 wa,  0.0 hi,  0.0 si,  0.0 st
[MySQL TPS]
| Com_delete                                            | 55                                                                                                                                                                                                                                                                                                                                                                                                                                                                  |
| Com_delete_multi                                      | 0                                                                                                                                                                                                                                                                                                                                                                                                                                                                   |
| Com_insert                                            | 45561                                                                                                                                                                                                                                                                                                                                                                                                                                                               |
| Com_insert_select                                     | 0                                                                                                                                                                                                                                                                                                                                                                                                                                                                   |
| Com_update                                            | 124                                                                                                                                                                                                                                                                                                                                                                                                                                                                 |
| Com_update_multi                                      | 0                                                                                                                                                                                                                                                                                                                                                                                                                                                                   |
[Redis QPS]
[TCP Connections]
      1 
     59 ESTABLISHED
      1 Foreign
     19 LISTEN
  16384 TIME_WAIT

------ 第 20 次采样：2025年 04月 23日 星期三 15:39:57 CST ------
[CPU]
%Cpu(s):  3.1 us,  3.1 sy,  0.0 ni, 93.8 id,  0.0 wa,  0.0 hi,  0.0 si,  0.0 st
[MySQL TPS]
| Com_delete                                            | 55                                                                                                                                                                                                                                                                                                                                                                                                                                                                  |
| Com_delete_multi                                      | 0                                                                                                                                                                                                                                                                                                                                                                                                                                                                   |
| Com_insert                                            | 45561                                                                                                                                                                                                                                                                                                                                                                                                                                                               |
| Com_insert_select                                     | 0                                                                                                                                                                                                                                                                                                                                                                                                                                                                   |
| Com_update                                            | 124                                                                                                                                                                                                                                                                                                                                                                                                                                                                 |
| Com_update_multi                                      | 0                                                                                                                                                                                                                                                                                                                                                                                                                                                                   |
[Redis QPS]
[TCP Connections]
      1 
     59 ESTABLISHED
      1 Foreign
     19 LISTEN
  16384 TIME_WAIT

------ 第 21 次采样：2025年 04月 23日 星期三 15:39:58 CST ------
[CPU]
%Cpu(s):  3.2 us,  3.2 sy,  0.0 ni, 93.5 id,  0.0 wa,  0.0 hi,  0.0 si,  0.0 st
[MySQL TPS]
| Com_delete                                            | 55                                                                                                                                                                                                                                                                                                                                                                                                                                                                  |
| Com_delete_multi                                      | 0                                                                                                                                                                                                                                                                                                                                                                                                                                                                   |
| Com_insert                                            | 45561                                                                                                                                                                                                                                                                                                                                                                                                                                                               |
| Com_insert_select                                     | 0                                                                                                                                                                                                                                                                                                                                                                                                                                                                   |
| Com_update                                            | 124                                                                                                                                                                                                                                                                                                                                                                                                                                                                 |
| Com_update_multi                                      | 0                                                                                                                                                                                                                                                                                                                                                                                                                                                                   |
[Redis QPS]
[TCP Connections]
      1 
     59 ESTABLISHED
      1 Foreign
     19 LISTEN
  16384 TIME_WAIT

