========== 监控开始时间：2025年 04月 23日 星期三 15:38:17 CST ==========
------ 第 1 次采样：2025年 04月 23日 星期三 15:38:17 CST ------
[CPU]
%Cpu(s): 12.9 us,  3.2 sy,  0.0 ni, 83.9 id,  0.0 wa,  0.0 hi,  0.0 si,  0.0 st
[MySQL TPS]
| Com_delete                                            | 55                                                                                                                                                                                                                                                                                                                                                                                                                                                                  |
| Com_delete_multi                                      | 0                                                                                                                                                                                                                                                                                                                                                                                                                                                                   |
| Com_insert                                            | 35561                                                                                                                                                                                                                                                                                                                                                                                                                                                               |
| Com_insert_select                                     | 0                                                                                                                                                                                                                                                                                                                                                                                                                                                                   |
| Com_update                                            | 124                                                                                                                                                                                                                                                                                                                                                                                                                                                                 |
| Com_update_multi                                      | 0                                                                                                                                                                                                                                                                                                                                                                                                                                                                   |
[Redis QPS]
[TCP Connections]
      1 
     11 ESTABLISHED
      1 Foreign
     17 LISTEN
      1 TIME_WAIT

------ 第 2 次采样：2025年 04月 23日 星期三 15:38:18 CST ------
[CPU]
%Cpu(s):  0.0 us,  3.3 sy,  0.0 ni, 96.7 id,  0.0 wa,  0.0 hi,  0.0 si,  0.0 st
[MySQL TPS]
| Com_delete                                            | 55                                                                                                                                                                                                                                                                                                                                                                                                                                                                  |
| Com_delete_multi                                      | 0                                                                                                                                                                                                                                                                                                                                                                                                                                                                   |
| Com_insert                                            | 35561                                                                                                                                                                                                                                                                                                                                                                                                                                                               |
| Com_insert_select                                     | 0                                                                                                                                                                                                                                                                                                                                                                                                                                                                   |
| Com_update                                            | 124                                                                                                                                                                                                                                                                                                                                                                                                                                                                 |
| Com_update_multi                                      | 0                                                                                                                                                                                                                                                                                                                                                                                                                                                                   |
[Redis QPS]
[TCP Connections]
      1 
     11 ESTABLISHED
      1 Foreign
     17 LISTEN
      2 TIME_WAIT

------ 第 3 次采样：2025年 04月 23日 星期三 15:38:19 CST ------
[CPU]
%Cpu(s):  3.0 us,  6.1 sy,  0.0 ni, 90.9 id,  0.0 wa,  0.0 hi,  0.0 si,  0.0 st
[MySQL TPS]
| Com_delete                                            | 55                                                                                                                                                                                                                                                                                                                                                                                                                                                                  |
| Com_delete_multi                                      | 0                                                                                                                                                                                                                                                                                                                                                                                                                                                                   |
| Com_insert                                            | 35561                                                                                                                                                                                                                                                                                                                                                                                                                                                               |
| Com_insert_select                                     | 0                                                                                                                                                                                                                                                                                                                                                                                                                                                                   |
| Com_update                                            | 124                                                                                                                                                                                                                                                                                                                                                                                                                                                                 |
| Com_update_multi                                      | 0                                                                                                                                                                                                                                                                                                                                                                                                                                                                   |
[Redis QPS]
[TCP Connections]
      1 
     11 ESTABLISHED
      1 Foreign
     17 LISTEN
      3 TIME_WAIT

------ 第 4 次采样：2025年 04月 23日 星期三 15:38:20 CST ------
[CPU]
%Cpu(s):  6.5 us,  0.0 sy,  0.0 ni, 93.5 id,  0.0 wa,  0.0 hi,  0.0 si,  0.0 st
[MySQL TPS]
| Com_delete                                            | 55                                                                                                                                                                                                                                                                                                                                                                                                                                                                  |
| Com_delete_multi                                      | 0                                                                                                                                                                                                                                                                                                                                                                                                                                                                   |
| Com_insert                                            | 35561                                                                                                                                                                                                                                                                                                                                                                                                                                                               |
| Com_insert_select                                     | 0                                                                                                                                                                                                                                                                                                                                                                                                                                                                   |
| Com_update                                            | 124                                                                                                                                                                                                                                                                                                                                                                                                                                                                 |
| Com_update_multi                                      | 0                                                                                                                                                                                                                                                                                                                                                                                                                                                                   |
[Redis QPS]
[TCP Connections]
      1 
     11 ESTABLISHED
      1 Foreign
     17 LISTEN
      4 TIME_WAIT

------ 第 5 次采样：2025年 04月 23日 星期三 15:38:22 CST ------
[CPU]
%Cpu(s):  3.0 us,  6.1 sy,  0.0 ni, 90.9 id,  0.0 wa,  0.0 hi,  0.0 si,  0.0 st
[MySQL TPS]
| Com_delete                                            | 55                                                                                                                                                                                                                                                                                                                                                                                                                                                                  |
| Com_delete_multi                                      | 0                                                                                                                                                                                                                                                                                                                                                                                                                                                                   |
| Com_insert                                            | 35561                                                                                                                                                                                                                                                                                                                                                                                                                                                               |
| Com_insert_select                                     | 0                                                                                                                                                                                                                                                                                                                                                                                                                                                                   |
| Com_update                                            | 124                                                                                                                                                                                                                                                                                                                                                                                                                                                                 |
| Com_update_multi                                      | 0                                                                                                                                                                                                                                                                                                                                                                                                                                                                   |
[Redis QPS]
[TCP Connections]
      1 
     11 ESTABLISHED
      1 Foreign
     17 LISTEN
      5 TIME_WAIT

------ 第 6 次采样：2025年 04月 23日 星期三 15:38:23 CST ------
[CPU]
%Cpu(s):  3.2 us,  3.2 sy,  0.0 ni, 93.5 id,  0.0 wa,  0.0 hi,  0.0 si,  0.0 st
[MySQL TPS]
| Com_delete                                            | 55                                                                                                                                                                                                                                                                                                                                                                                                                                                                  |
| Com_delete_multi                                      | 0                                                                                                                                                                                                                                                                                                                                                                                                                                                                   |
| Com_insert                                            | 35561                                                                                                                                                                                                                                                                                                                                                                                                                                                               |
| Com_insert_select                                     | 0                                                                                                                                                                                                                                                                                                                                                                                                                                                                   |
| Com_update                                            | 124                                                                                                                                                                                                                                                                                                                                                                                                                                                                 |
| Com_update_multi                                      | 0                                                                                                                                                                                                                                                                                                                                                                                                                                                                   |
[Redis QPS]
[TCP Connections]
      1 
     11 ESTABLISHED
      1 Foreign
     17 LISTEN
      6 TIME_WAIT

------ 第 7 次采样：2025年 04月 23日 星期三 15:38:24 CST ------
[CPU]
%Cpu(s):  6.2 us,  3.1 sy,  0.0 ni, 90.6 id,  0.0 wa,  0.0 hi,  0.0 si,  0.0 st
[MySQL TPS]
| Com_delete                                            | 55                                                                                                                                                                                                                                                                                                                                                                                                                                                                  |
| Com_delete_multi                                      | 0                                                                                                                                                                                                                                                                                                                                                                                                                                                                   |
| Com_insert                                            | 35561                                                                                                                                                                                                                                                                                                                                                                                                                                                               |
| Com_insert_select                                     | 0                                                                                                                                                                                                                                                                                                                                                                                                                                                                   |
| Com_update                                            | 124                                                                                                                                                                                                                                                                                                                                                                                                                                                                 |
| Com_update_multi                                      | 0                                                                                                                                                                                                                                                                                                                                                                                                                                                                   |
[Redis QPS]
[TCP Connections]
      1 
     11 ESTABLISHED
      1 Foreign
     17 LISTEN
      7 TIME_WAIT

------ 第 8 次采样：2025年 04月 23日 星期三 15:38:25 CST ------
[CPU]
%Cpu(s):  3.2 us,  3.2 sy,  0.0 ni, 93.5 id,  0.0 wa,  0.0 hi,  0.0 si,  0.0 st
[MySQL TPS]
| Com_delete                                            | 55                                                                                                                                                                                                                                                                                                                                                                                                                                                                  |
| Com_delete_multi                                      | 0                                                                                                                                                                                                                                                                                                                                                                                                                                                                   |
| Com_insert                                            | 35561                                                                                                                                                                                                                                                                                                                                                                                                                                                               |
| Com_insert_select                                     | 0                                                                                                                                                                                                                                                                                                                                                                                                                                                                   |
| Com_update                                            | 124                                                                                                                                                                                                                                                                                                                                                                                                                                                                 |
| Com_update_multi                                      | 0                                                                                                                                                                                                                                                                                                                                                                                                                                                                   |
[Redis QPS]
[TCP Connections]
      1 
     11 ESTABLISHED
      1 Foreign
     17 LISTEN
      8 TIME_WAIT

------ 第 9 次采样：2025年 04月 23日 星期三 15:38:26 CST ------
[CPU]
%Cpu(s):  6.1 us,  6.1 sy,  0.0 ni, 87.9 id,  0.0 wa,  0.0 hi,  0.0 si,  0.0 st
[MySQL TPS]
| Com_delete                                            | 55                                                                                                                                                                                                                                                                                                                                                                                                                                                                  |
| Com_delete_multi                                      | 0                                                                                                                                                                                                                                                                                                                                                                                                                                                                   |
| Com_insert                                            | 35561                                                                                                                                                                                                                                                                                                                                                                                                                                                               |
| Com_insert_select                                     | 0                                                                                                                                                                                                                                                                                                                                                                                                                                                                   |
| Com_update                                            | 124                                                                                                                                                                                                                                                                                                                                                                                                                                                                 |
| Com_update_multi                                      | 0                                                                                                                                                                                                                                                                                                                                                                                                                                                                   |
[Redis QPS]
[TCP Connections]
      1 
     11 ESTABLISHED
      1 Foreign
     17 LISTEN
      9 TIME_WAIT

